01:33:28:005 [ALWAYS]	GUDE Logging Started
01:33:28:005 [INFO]	SqliteResumeCache::SqliteResumeCache basedirectory is null/empty
01:33:28:005 [ERROR]	SqliteResumeCache::CreateSqliteResumeCache creating resume cache pointer failure
01:33:28:005 [ERROR]	Initialize resume cache pointer failure
01:33:28:005 [INFO]	gude policy POLICY_USER limit (2,2,1) chunk 2097152, chunking (UL 0 DL 1), resXfer 1, adapt 0, NSURL 0, timeout 86400 
01:33:28:005 [INFO]	Initialized -- gude-lib version: v0.12.1 app: gude
01:33:29:199 [WARN]	Ignoring attempt to reinit logging to \gude at level 4 retaining 3 days of logs
01:33:29:199 [INFO]	SqliteResumeCache::SqliteResumeCache basedirectory is null/empty
01:33:29:199 [ERROR]	SqliteResumeCache::CreateSqliteResumeCache creating resume cache pointer failure
01:33:29:199 [ERROR]	Initialize resume cache pointer failure
01:33:29:199 [INFO]	gude policy POLICY_USER limit (4,4,1) chunk 2097152, chunking (UL 0 DL 1), resXfer 1, adapt 0, NSURL 1, timeout 86400 
01:33:29:199 [INFO]	Initialized -- gude-lib version: v0.12.1 app: gude
01:34:32:961 [ALWAYS]	GUDE Logging Started
01:34:32:961 [INFO]	SqliteResumeCache::SqliteResumeCache basedirectory is null/empty
01:34:32:961 [ERROR]	SqliteResumeCache::CreateSqliteResumeCache creating resume cache pointer failure
01:34:32:961 [ERROR]	Initialize resume cache pointer failure
01:34:32:961 [INFO]	gude policy POLICY_USER limit (2,2,1) chunk 2097152, chunking (UL 0 DL 1), resXfer 1, adapt 0, NSURL 0, timeout 86400 
01:34:32:961 [INFO]	Initialized -- gude-lib version: v0.12.1 app: gude
01:34:37:927 [WARN]	Ignoring attempt to reinit logging to \gude at level 4 retaining 3 days of logs
01:34:37:927 [INFO]	SqliteResumeCache::SqliteResumeCache basedirectory is null/empty
01:34:37:927 [ERROR]	SqliteResumeCache::CreateSqliteResumeCache creating resume cache pointer failure
01:34:37:927 [ERROR]	Initialize resume cache pointer failure
01:34:37:927 [INFO]	gude policy POLICY_USER limit (4,4,1) chunk 2097152, chunking (UL 0 DL 1), resXfer 1, adapt 0, NSURL 1, timeout 86400 
01:34:37:927 [INFO]	Initialized -- gude-lib version: v0.12.1 app: gude
